
Client50521: join. 2021 21/11 0:57:3
Client50521: wants to load file  Hello.txt 2021 21/11 0:57:3
Server: sent a response about the successful receipt of the block 0. 2021 21/11 0:57:3
Server: received data block 1. 2021 21/11 0:57:4
Client50521: successfully uploaded the file. 2021 21/11 0:57:4

Client52447: join. 2021 21/11 1:8:8
Client52447: wants to show. 2021 21/11 1:8:8
Server: sent a block of data 1. 2021 21/11 1:8:8
Server: received a response about the successful receipt of the block 1. 2021 21/11 1:8:8
Client52447: successfully got the list of files. 2021 21/11 1:8:8

Client57485: join. 2021 21/11 1:13:15
Client57485: Unknown operation. The connection was interrupted. 2021 21/11 1:13:15

Client51617: join. 2021 21/11 1:14:5
Client51617: wants to show. 2021 21/11 1:14:5
Server: sent a block of data 1. 2021 21/11 1:14:5
Server: received a response about the successful receipt of the block 1. 2021 21/11 1:14:5
Client51617: successfully got the list of files. 2021 21/11 1:14:5

Client54567: join. 2021 21/11 1:15:0
Client54567: wants to download file H.txt 2021 21/11 1:15:0
Server: File not found. The connection was interrupted. 2021 21/11 1:15:0

Client52400: join. 2021 21/11 1:16:4
Client52400: wants to show. 2021 21/11 1:16:4
Server: sent a block of data 1. 2021 21/11 1:16:4
Server: received a response about the successful receipt of the block 1. 2021 21/11 1:16:4
Client52400: successfully got the list of files. 2021 21/11 1:16:4

Client57847: join. 2021 21/11 1:16:27
Client57847: wants to download file Hello.txt 2021 21/11 1:16:27
Server: sent a block of data 1. 2021 21/11 1:16:27
Server: received a response about the successful receipt of the block 1. 2021 21/11 1:16:27
Client57847: downloaded the file successfully. 2021 21/11 1:16:27

Client57848: join. 2021 21/11 1:17:45
Client57848: wants to load file  TFTP.pdf 2021 21/11 1:17:45
Server: sent a response about the successful receipt of the block 0. 2021 21/11 1:17:45
Server: received data block 1. 2021 21/11 1:17:45
Server: received data block 2. 2021 21/11 1:17:45
Server: received data block 3. 2021 21/11 1:17:45
Server: received data block 4. 2021 21/11 1:17:45
Server: received data block 5. 2021 21/11 1:17:45
Server: received data block 6. 2021 21/11 1:17:45
Server: received data block 7. 2021 21/11 1:17:45
Server: received data block 8. 2021 21/11 1:17:45
Server: received data block 9. 2021 21/11 1:17:45
Server: received data block 10. 2021 21/11 1:17:45
Server: received data block 11. 2021 21/11 1:17:45
Server: received data block 12. 2021 21/11 1:17:45
Server: received data block 13. 2021 21/11 1:17:45
Server: received data block 14. 2021 21/11 1:17:45
Server: received data block 15. 2021 21/11 1:17:45
Server: received data block 16. 2021 21/11 1:17:45
Server: received data block 17. 2021 21/11 1:17:45
Server: received data block 18. 2021 21/11 1:17:45
Server: received data block 19. 2021 21/11 1:17:45
Server: received data block 20. 2021 21/11 1:17:45
Server: received data block 21. 2021 21/11 1:17:45
Server: received data block 22. 2021 21/11 1:17:45
Server: received data block 23. 2021 21/11 1:17:45
Server: received data block 24. 2021 21/11 1:17:45
Server: received data block 25. 2021 21/11 1:17:45
Server: received data block 26. 2021 21/11 1:17:45
Server: received data block 27. 2021 21/11 1:17:45
Server: received data block 28. 2021 21/11 1:17:45
Server: received data block 29. 2021 21/11 1:17:45
Server: received data block 30. 2021 21/11 1:17:45
Server: received data block 31. 2021 21/11 1:17:45
Server: received data block 32. 2021 21/11 1:17:45
Server: received data block 33. 2021 21/11 1:17:45
Server: received data block 34. 2021 21/11 1:17:45
Server: received data block 35. 2021 21/11 1:17:45
Server: received data block 36. 2021 21/11 1:17:45
Server: received data block 37. 2021 21/11 1:17:45
Server: received data block 38. 2021 21/11 1:17:45
Server: received data block 39. 2021 21/11 1:17:45
Server: received data block 40. 2021 21/11 1:17:45
Server: received data block 41. 2021 21/11 1:17:45
Server: received data block 42. 2021 21/11 1:17:45
Server: received data block 43. 2021 21/11 1:17:45
Server: received data block 44. 2021 21/11 1:17:45
Server: received data block 45. 2021 21/11 1:17:45
Server: received data block 46. 2021 21/11 1:17:45
Server: received data block 47. 2021 21/11 1:17:45
Server: received data block 48. 2021 21/11 1:17:45
Server: received data block 49. 2021 21/11 1:17:45
Server: received data block 50. 2021 21/11 1:17:45
Server: received data block 51. 2021 21/11 1:17:45
Server: received data block 52. 2021 21/11 1:17:45
Server: received data block 53. 2021 21/11 1:17:45
Server: received data block 54. 2021 21/11 1:17:45
Server: received data block 55. 2021 21/11 1:17:45
Server: received data block 56. 2021 21/11 1:17:45
Server: received data block 57. 2021 21/11 1:17:45
Server: received data block 58. 2021 21/11 1:17:45
Server: received data block 59. 2021 21/11 1:17:45
Server: received data block 60. 2021 21/11 1:17:45
Server: received data block 61. 2021 21/11 1:17:45
Server: received data block 62. 2021 21/11 1:17:45
Server: received data block 63. 2021 21/11 1:17:45
Server: received data block 64. 2021 21/11 1:17:45
Server: received data block 65. 2021 21/11 1:17:45
Server: received data block 66. 2021 21/11 1:17:45
Server: received data block 67. 2021 21/11 1:17:45
Server: received data block 68. 2021 21/11 1:17:45
Server: received data block 69. 2021 21/11 1:17:45
Server: received data block 70. 2021 21/11 1:17:45
Server: received data block 71. 2021 21/11 1:17:45
Server: received data block 72. 2021 21/11 1:17:45
Server: received data block 73. 2021 21/11 1:17:45
Server: received data block 74. 2021 21/11 1:17:45
Server: received data block 75. 2021 21/11 1:17:45
Server: received data block 76. 2021 21/11 1:17:45
Server: received data block 77. 2021 21/11 1:17:45
Server: received data block 78. 2021 21/11 1:17:45
Server: received data block 79. 2021 21/11 1:17:45
Server: received data block 80. 2021 21/11 1:17:45
Server: received data block 81. 2021 21/11 1:17:45
Server: received data block 82. 2021 21/11 1:17:45
Server: received data block 83. 2021 21/11 1:17:45
Server: received data block 84. 2021 21/11 1:17:45
Server: received data block 85. 2021 21/11 1:17:45
Server: received data block 86. 2021 21/11 1:17:45
Server: received data block 87. 2021 21/11 1:17:45
Server: received data block 88. 2021 21/11 1:17:45
Server: received data block 89. 2021 21/11 1:17:45
Server: received data block 90. 2021 21/11 1:17:45
Server: received data block 91. 2021 21/11 1:17:45
Server: received data block 92. 2021 21/11 1:17:45
Server: received data block 93. 2021 21/11 1:17:45
Server: received data block 94. 2021 21/11 1:17:45
Server: received data block 95. 2021 21/11 1:17:45
Server: received data block 96. 2021 21/11 1:17:45
Server: received data block 97. 2021 21/11 1:17:45
Server: received data block 98. 2021 21/11 1:17:45
Server: received data block 99. 2021 21/11 1:17:45
Server: received data block 100. 2021 21/11 1:17:45
Server: received data block 101. 2021 21/11 1:17:45
Server: received data block 102. 2021 21/11 1:17:45
Server: received data block 103. 2021 21/11 1:17:45
Server: received data block 104. 2021 21/11 1:17:45
Server: received data block 105. 2021 21/11 1:17:45
Server: received data block 106. 2021 21/11 1:17:45
Server: received data block 107. 2021 21/11 1:17:45
Server: received data block 108. 2021 21/11 1:17:45
Server: received data block 109. 2021 21/11 1:17:45
Server: received data block 110. 2021 21/11 1:17:45
Server: received data block 111. 2021 21/11 1:17:45
Server: received data block 112. 2021 21/11 1:17:45
Server: received data block 113. 2021 21/11 1:17:45
Server: received data block 114. 2021 21/11 1:17:45
Server: received data block 115. 2021 21/11 1:17:45
Server: received data block 116. 2021 21/11 1:17:45
Server: received data block 117. 2021 21/11 1:17:45
Server: received data block 118. 2021 21/11 1:17:45
Server: received data block 119. 2021 21/11 1:17:45
Server: received data block 120. 2021 21/11 1:17:45
Server: received data block 121. 2021 21/11 1:17:45
Server: received data block 122. 2021 21/11 1:17:45
Server: received data block 123. 2021 21/11 1:17:45
Server: received data block 124. 2021 21/11 1:17:45
Server: received data block 125. 2021 21/11 1:17:45
Server: received data block 126. 2021 21/11 1:17:45
Server: received data block 127. 2021 21/11 1:17:45
Server: received data block 128. 2021 21/11 1:17:45
Server: received data block 129. 2021 21/11 1:17:45
Server: received data block 130. 2021 21/11 1:17:45
Client57848: successfully uploaded the file. 2021 21/11 1:17:46

Client53210: join. 2021 21/11 1:17:53
Client53210: wants to show. 2021 21/11 1:17:53
Server: sent a block of data 1. 2021 21/11 1:17:53
Server: received a response about the successful receipt of the block 1. 2021 21/11 1:17:53
Client53210: successfully got the list of files. 2021 21/11 1:17:53
